Traceback (most recent call last):
  File "/Users/yotayamaguchi/dpro_notify/dpro_monitor.py", line 8, in <module>
    import requests
ModuleNotFoundError: No module named 'requests'
Traceback (most recent call last):
  File "/Users/yotayamaguchi/dpro_notify/dpro_monitor.py", line 2, in <module>
    import json, os, sys, requests
ModuleNotFoundError: No module named 'requests'
Traceback (most recent call last):
  File "/Users/yotayamaguchi/dpro_notify/dpro_monitor.py", line 2, in <module>
    import json, os, sys, requests
ModuleNotFoundError: No module named 'requests'
Traceback (most recent call last):
  File "/Users/yotayamaguchi/dpro_notify/dpro_monitor.py", line 2, in <module>
    import json, os, sys, requests
ModuleNotFoundError: No module named 'requests'
🔑 ログイン中...
✅ ログイン成功！
  🔍 [みかみ] 「みかみ」で検索中...
  🔍 [みかみ] 「アドネス」で検索中...
  🔍 [みかみ] 「スキルプラス」で検索中...
  [みかみ] 211件
  🔍 [かずくん] 「AI ONE」で検索中...
  [かずくん] 93件
  🔍 [プロパゲート] 「プロパゲート」で検索中...
  [プロパゲート] 99件
  🔍 [動画編集CAMP] 「動画編集CAMP」で検索中...
  🔍 [動画編集CAMP] 「アズール」で検索中...
  [動画編集CAMP] 16件
  🔍 [web集客まるなげ君] 「WeeAre」で検索中...
  🔍 [web集客まるなげ君] 「Degias」で検索中...
  [web集客まるなげ君] 200件
  🔍 [リソースクリエイション] 「リソースクリエイション」で検索中...
  [リソースクリエイション] 98件
  🔍 [トレプロ] 「TLPC」で検索中...
  🔍 [トレプロ] 「トレプロ」で検索中...
  [トレプロ] 172件
  🔍 [Talentia] 「Talentia」で検索中...
  [Talentia] 9件
  🔍 [Give] 「Give」で検索中...
  [Give] 1件

🎉 [みかみ] 新着 48件
✅ ChatWork送信成功

🎉 [かずくん] 新着 55件
✅ ChatWork送信成功

🎉 [プロパゲート] 新着 26件
✅ ChatWork送信成功

🎉 [動画編集CAMP] 新着 1件
✅ ChatWork送信成功

🎉 [web集客まるなげ君] 新着 36件
✅ ChatWork送信成功

🎉 [リソースクリエイション] 新着 5件
✅ ChatWork送信成功

🎉 [トレプロ] 新着 8件
✅ ChatWork送信成功

📈 伸びてる動画 183件
✅ ChatWork送信成功
🔑 ログイン中...
✅ ログイン成功！
  🔍 [みかみ] 「みかみ」で検索中...
  🔍 [みかみ] 「アドネス」で検索中...
  🔍 [みかみ] 「スキルプラス」で検索中...
  [みかみ] 209件
  🔍 [かずくん] 「AI ONE」で検索中...
  [かずくん] 93件
  🔍 [プロパゲート] 「プロパゲート」で検索中...
  [プロパゲート] 99件
  🔍 [動画編集CAMP] 「動画編集CAMP」で検索中...
  🔍 [動画編集CAMP] 「アズール」で検索中...
  [動画編集CAMP] 16件
  🔍 [web集客まるなげ君] 「WeeAre」で検索中...
  🔍 [web集客まるなげ君] 「Degias」で検索中...
  [web集客まるなげ君] 200件
  🔍 [リソースクリエイション] 「リソースクリエイション」で検索中...
  [リソースクリエイション] 98件
  🔍 [トレプロ] 「TLPC」で検索中...
  🔍 [トレプロ] 「トレプロ」で検索中...
  [トレプロ] 172件
  🔍 [Talentia] 「Talentia」で検索中...
  [Talentia] 9件
  🔍 [Give] 「Give」で検索中...
  [Give] 1件
  🔍 [WSSクラス] 「WSS CLASS」で検索中...
  [WSSクラス] 0件

🎉 [みかみ] 新着 6件
✅ ChatWork送信成功

🎉 [プロパゲート] 新着 2件
✅ ChatWork送信成功

🎉 [web集客まるなげ君] 新着 7件
✅ ChatWork送信成功

📈 伸びてる動画 1件
✅ ChatWork送信成功
🔑 ログイン中...
✅ ログイン成功！
  🔍 [みかみ] 「みかみ」で検索中...
  🔍 [みかみ] 「アドネス」で検索中...
  🔍 [みかみ] 「スキルプラス」で検索中...
  [みかみ] 208件
  🔍 [かずくん] 「AI ONE」で検索中...
  [かずくん] 91件
  🔍 [プロパゲート] 「プロパゲート」で検索中...
  [プロパゲート] 99件
  🔍 [動画編集CAMP] 「動画編集CAMP」で検索中...
  🔍 [動画編集CAMP] 「アズール」で検索中...
  [動画編集CAMP] 16件
  🔍 [web集客まるなげ君] 「WeeAre」で検索中...
  🔍 [web集客まるなげ君] 「Degias」で検索中...
  [web集客まるなげ君] 200件
  🔍 [リソースクリエイション] 「リソースクリエイション」で検索中...
  [リソースクリエイション] 98件
  🔍 [トレプロ] 「TLPC」で検索中...
  🔍 [トレプロ] 「トレプロ」で検索中...
  [トレプロ] 172件
  🔍 [Talentia] 「Talentia」で検索中...
  [Talentia] 9件
  🔍 [Give] 「Give」で検索中...
  [Give] 1件
  🔍 [WSSクラス] 「WSS CLASS」で検索中...
  [WSSクラス] 0件

🎉 [みかみ] 新着 3件
✅ ChatWork送信成功

🎉 [プロパゲート] 新着 3件
✅ ChatWork送信成功

🎉 [web集客まるなげ君] 新着 7件
✅ ChatWork送信成功

✅ 伸びてる動画なし
🔑 ログイン中...
✅ ログイン成功！
  🔍 [みかみ] 「みかみ」で検索中...
  🔍 [みかみ] 「アドネス」で検索中...
  🔍 [みかみ] 「スキルプラス」で検索中...
  [みかみ] 126件
  🔍 [かずくん] 「AI ONE」で検索中...
  [かずくん] 96件
  🔍 [プロパゲート] 「プロパゲート」で検索中...
  [プロパゲート] 99件
  🔍 [動画編集CAMP] 「動画編集CAMP」で検索中...
  🔍 [動画編集CAMP] 「アズール」で検索中...
  [動画編集CAMP] 16件
  🔍 [web集客まるなげ君] 「WeeAre」で検索中...
  🔍 [web集客まるなげ君] 「Degias」で検索中...
  [web集客まるなげ君] 200件
  🔍 [リソースクリエイション] 「リソースクリエイション」で検索中...
  [リソースクリエイション] 5件
  🔍 [トレプロ] 「TLPC」で検索中...
  🔍 [トレプロ] 「トレプロ」で検索中...
  [トレプロ] 103件
  🔍 [Talentia] 「Talentia」で検索中...
  [Talentia] 9件
  🔍 [Give] 「Give」で検索中...
  [Give] 0件
  🔍 [WSSクラス] 「WSS CLASS」で検索中...
  [WSSクラス] 0件

🎉 [みかみ] 新着 2件
✅ ChatWork送信成功

🎉 [かずくん] 新着 35件
✅ ChatWork送信成功

🎉 [web集客まるなげ君] 新着 1件
✅ ChatWork送信成功

🎉 [トレプロ] 新着 2件
✅ ChatWork送信成功

📈 伸びてる動画 1件
✅ ChatWork送信成功
🔑 ログイン中...
✅ ログイン成功！
  🔍 [みかみ] 「みかみ」で検索中...
  🔍 [みかみ] 「アドネス」で検索中...
  🔍 [みかみ] 「スキルプラス」で検索中...
  [みかみ] 127件
  🔍 [かずくん] 「AI ONE」で検索中...
    ⏳ タイムアウト、リトライ中... (1/3)
  [かずくん] 96件
  🔍 [プロパゲート] 「プロパゲート」で検索中...
  [プロパゲート] 99件
  🔍 [動画編集CAMP] 「動画編集CAMP」で検索中...
    ⏳ タイムアウト、リトライ中... (1/3)
  🔍 [動画編集CAMP] 「アズール」で検索中...
  [動画編集CAMP] 9件
  🔍 [web集客まるなげ君] 「WeeAre」で検索中...
  🔍 [web集客まるなげ君] 「Degias」で検索中...
  [web集客まるなげ君] 0件
  🔍 [リソースクリエイション] 「リソースクリエイション」で検索中...
  [リソースクリエイション] 0件
  🔍 [トレプロ] 「TLPC」で検索中...
  🔍 [トレプロ] 「トレプロ」で検索中...
  [トレプロ] 0件
  🔍 [Talentia] 「Talentia」で検索中...
  [Talentia] 0件
  🔍 [Give] 「Give」で検索中...
  [Give] 0件
  🔍 [WSSクラス] 「WSS CLASS」で検索中...
  [WSSクラス] 0件

🎉 [みかみ] 新着 2件
✅ ChatWork送信成功

🎉 [プロパゲート] 新着 2件
✅ ChatWork送信成功

✅ 伸びてる動画なし
🔑 ログイン中...
✅ ログイン成功！
  🔍 [みかみ] 「みかみ」で検索中...
  🔍 [みかみ] 「アドネス」で検索中...
  🔍 [みかみ] 「スキルプラス」で検索中...
  [みかみ] 127件
  🔍 [かずくん] 「AI ONE」で検索中...
  [かずくん] 96件
  🔍 [プロパゲート] 「プロパゲート」で検索中...
  [プロパゲート] 99件
  🔍 [動画編集CAMP] 「動画編集CAMP」で検索中...
  🔍 [動画編集CAMP] 「アズール」で検索中...
  [動画編集CAMP] 16件
  🔍 [web集客まるなげ君] 「WeeAre」で検索中...
  🔍 [web集客まるなげ君] 「Degias」で検索中...
  [web集客まるなげ君] 200件
  🔍 [リソースクリエイション] 「リソースクリエイション」で検索中...
  [リソースクリエイション] 6件
  🔍 [トレプロ] 「TLPC」で検索中...
  🔍 [トレプロ] 「トレプロ」で検索中...
  [トレプロ] 101件
  🔍 [Talentia] 「Talentia」で検索中...
  [Talentia] 9件
  🔍 [Give] 「Give」で検索中...
  [Give] 0件
  🔍 [WSSクラス] 「WSS CLASS」で検索中...
  [WSSクラス] 0件
  🔍 [SNSマーケ研究室] 「SNSマーケ研究室」で検索中...
  🔍 [SNSマーケ研究室] 「メディアエイド」で検索中...
  [SNSマーケ研究室] 111件

🎉 [みかみ] 新着 5件
✅ ChatWork送信成功

🎉 [web集客まるなげ君] 新着 6件
✅ ChatWork送信成功

🎉 [リソースクリエイション] 新着 1件
✅ ChatWork送信成功

🎉 [トレプロ] 新着 2件
✅ ChatWork送信成功

🎉 [SNSマーケ研究室] 新着 16件
✅ ChatWork送信成功

📈 伸びてる動画 2件
✅ ChatWork送信成功
🔑 ログイン中...
✅ ログイン成功！
  🔍 [みかみ] 「みかみ」で検索中...
  🔍 [みかみ] 「アドネス」で検索中...
  🔍 [みかみ] 「スキルプラス」で検索中...
  [みかみ] 202件
  🔍 [かずくん] 「AI ONE」で検索中...
  [かずくん] 100件
  🔍 [プロパゲート] 「プロパゲート」で検索中...
  [プロパゲート] 99件
  🔍 [動画編集CAMP] 「動画編集CAMP」で検索中...
  🔍 [動画編集CAMP] 「アズール」で検索中...
  [動画編集CAMP] 16件
  🔍 [web集客まるなげ君] 「WeeAre」で検索中...
  🔍 [web集客まるなげ君] 「Degias」で検索中...
  🔍 [web集客まるなげ君] 「ワガママ採用」で検索中...
  [web集客まるなげ君] 269件
  🔍 [リソースクリエイション] 「リソースクリエイション」で検索中...
  [リソースクリエイション] 98件
  🔍 [トレプロ] 「TLPC」で検索中...
  🔍 [トレプロ] 「トレプロ」で検索中...
  [トレプロ] 176件
  🔍 [Talentia] 「Talentia」で検索中...
  [Talentia] 9件
  🔍 [Give] 「Give」で検索中...
  [Give] 1件
  🔍 [WSSクラス] 「WSS CLASS」で検索中...
  [WSSクラス] 0件
  🔍 [SNSマーケ研究室] 「SNSマーケ研究室」で検索中...
  🔍 [SNSマーケ研究室] 「SONOMAMA」で検索中...
  🔍 [SNSマーケ研究室] 「インフルエンサー発掘プロジェクト」で検索中...
  🔍 [SNSマーケ研究室] 「フリーランス育成」で検索中...
  [SNSマーケ研究室] 183件
  🔍 [Driven Properties] 「Driven Properties」で検索中...
  🔍 [Driven Properties] 「ドリブン・プロパティーズ」で検索中...
  [Driven Properties] 32件
  🔍 [Be Prime] 「Be Prime」で検索中...
  🔍 [Be Prime] 「BePrime」で検索中...
  🔍 [Be Prime] 「アウトロー求人」で検索中...
  [Be Prime] 28件
  🔍 [シックスレイズ] 「シックスレイズ」で検索中...
  🔍 [シックスレイズ] 「アドレイズプラス」で検索中...
  [シックスレイズ] 0件
  🔍 [freee] 「freee」で検索中...
  🔍 [freee] 「フリー」で検索中...
  🔍 [freee] 「freee会計」で検索中...
  🔍 [freee] 「freee人事労務」で検索中...
  [freee] 142件
  🔍 [楽待] 「楽待」で検索中...
  🔍 [楽待] 「RAKUMACHI」で検索中...
  [楽待] 15件
  🔍 [おさる] 「おさる」で検索中...
  🔍 [おさる] 「おさるマーケ大学」で検索中...
  🔍 [おさる] 「マーケターおさる」で検索中...
  [おさる] 66件
  🔍 [LEC] 「LEC」で検索中...
  🔍 [LEC] 「LECマスターブートキャンプ」で検索中...
  [LEC] 76件
Traceback (most recent call last):
  File "/Users/yotayamaguchi/dpro_notify/dpro_monitor.py", line 296, in <module>
    main()
    ~~~~^^
  File "/Users/yotayamaguchi/dpro_notify/dpro_monitor.py", line 273, in main
    sheet_name = ensure_monthly_sheet()
  File "/Users/yotayamaguchi/dpro_notify/dpro_monitor.py", line 31, in ensure_monthly_sheet
    result = subprocess.run(
        ["gog", "sheets", "metadata", SHEETS_ID, "-a", GOG_ACCOUNT, "-j"],
        capture_output=True, text=True)
  File "/opt/homebrew/Cellar/python@3.14/3.14.3_1/Frameworks/Python.framework/Versions/3.14/lib/python3.14/subprocess.py", line 554, in run
    with Popen(*popenargs, **kwargs) as process:
         ~~~~~^^^^^^^^^^^^^^^^^^^^^^
  File "/opt/homebrew/Cellar/python@3.14/3.14.3_1/Frameworks/Python.framework/Versions/3.14/lib/python3.14/subprocess.py", line 1038, in __init__
    self._execute_child(args, executable, preexec_fn, close_fds,
    ~~~~~~~~~~~~~~~~~~~^^^^^^^^^^^^^^^^^^^^^^^^^^^^^^^^^^^^^^^^^
                        pass_fds, cwd, env,
                        ^^^^^^^^^^^^^^^^^^^
    ...<5 lines>...
                        gid, gids, uid, umask,
                        ^^^^^^^^^^^^^^^^^^^^^^
                        start_new_session, process_group)
                        ^^^^^^^^^^^^^^^^^^^^^^^^^^^^^^^^^
  File "/opt/homebrew/Cellar/python@3.14/3.14.3_1/Frameworks/Python.framework/Versions/3.14/lib/python3.14/subprocess.py", line 1989, in _execute_child
    raise child_exception_type(errno_num, err_msg, err_filename)
FileNotFoundError: [Errno 2] No such file or directory: 'gog'
🔑 ログイン中...
✅ ログイン成功！
  🔍 [みかみ] 「みかみ」で検索中...
  🔍 [みかみ] 「アドネス」で検索中...
  🔍 [みかみ] 「スキルプラス」で検索中...
  [みかみ] 127件
  🔍 [かずくん] 「AI ONE」で検索中...
  [かずくん] 96件
  🔍 [プロパゲート] 「プロパゲート」で検索中...
  [プロパゲート] 99件
  🔍 [動画編集CAMP] 「動画編集CAMP」で検索中...
  🔍 [動画編集CAMP] 「アズール」で検索中...
  [動画編集CAMP] 16件
  🔍 [web集客まるなげ君] 「WeeAre」で検索中...
  🔍 [web集客まるなげ君] 「Degias」で検索中...
  🔍 [web集客まるなげ君] 「ワガママ採用」で検索中...
  [web集客まるなげ君] 268件
  🔍 [リソースクリエイション] 「リソースクリエイション」で検索中...
  [リソースクリエイション] 7件
  🔍 [トレプロ] 「TLPC」で検索中...
  🔍 [トレプロ] 「トレプロ」で検索中...
  [トレプロ] 102件
  🔍 [Talentia] 「Talentia」で検索中...
  [Talentia] 9件
  🔍 [Give] 「Give」で検索中...
  [Give] 0件
  🔍 [WSSクラス] 「WSS CLASS」で検索中...
  [WSSクラス] 0件
  🔍 [SNSマーケ研究室] 「SNSマーケ研究室」で検索中...
  🔍 [SNSマーケ研究室] 「SONOMAMA」で検索中...
  🔍 [SNSマーケ研究室] 「インフルエンサー発掘プロジェクト」で検索中...
  🔍 [SNSマーケ研究室] 「フリーランス育成」で検索中...
  [SNSマーケ研究室] 137件
  🔍 [Driven Properties] 「Driven Properties」で検索中...
  🔍 [Driven Properties] 「ドリブン・プロパティーズ」で検索中...
  [Driven Properties] 32件
  🔍 [Be Prime] 「Be Prime」で検索中...
  🔍 [Be Prime] 「BePrime」で検索中...
  🔍 [Be Prime] 「アウトロー求人」で検索中...
  [Be Prime] 28件
  🔍 [シックスレイズ] 「シックスレイズ」で検索中...
  🔍 [シックスレイズ] 「アドレイズプラス」で検索中...
  [シックスレイズ] 0件
  🔍 [freee] 「freee」で検索中...
  🔍 [freee] 「フリー」で検索中...
  🔍 [freee] 「freee会計」で検索中...
  🔍 [freee] 「freee人事労務」で検索中...
  [freee] 123件
  🔍 [楽待] 「楽待」で検索中...
  🔍 [楽待] 「RAKUMACHI」で検索中...
  [楽待] 15件
  🔍 [おさる] 「おさる」で検索中...
  🔍 [おさる] 「おさるマーケ大学」で検索中...
  🔍 [おさる] 「マーケターおさる」で検索中...
  [おさる] 58件
  🔍 [LEC] 「LEC」で検索中...
  🔍 [LEC] 「LECマスターブートキャンプ」で検索中...
  [LEC] 4件
Traceback (most recent call last):
  File "/Users/yotayamaguchi/dpro_notify/dpro_monitor.py", line 296, in <module>
    main()
    ~~~~^^
  File "/Users/yotayamaguchi/dpro_notify/dpro_monitor.py", line 273, in main
    sheet_name = ensure_monthly_sheet()
  File "/Users/yotayamaguchi/dpro_notify/dpro_monitor.py", line 31, in ensure_monthly_sheet
    result = subprocess.run(
        ["gog", "sheets", "metadata", SHEETS_ID, "-a", GOG_ACCOUNT, "-j"],
        capture_output=True, text=True)
  File "/opt/homebrew/Cellar/python@3.14/3.14.3_1/Frameworks/Python.framework/Versions/3.14/lib/python3.14/subprocess.py", line 554, in run
    with Popen(*popenargs, **kwargs) as process:
         ~~~~~^^^^^^^^^^^^^^^^^^^^^^
  File "/opt/homebrew/Cellar/python@3.14/3.14.3_1/Frameworks/Python.framework/Versions/3.14/lib/python3.14/subprocess.py", line 1038, in __init__
    self._execute_child(args, executable, preexec_fn, close_fds,
    ~~~~~~~~~~~~~~~~~~~^^^^^^^^^^^^^^^^^^^^^^^^^^^^^^^^^^^^^^^^^
                        pass_fds, cwd, env,
                        ^^^^^^^^^^^^^^^^^^^
    ...<5 lines>...
                        gid, gids, uid, umask,
                        ^^^^^^^^^^^^^^^^^^^^^^
                        start_new_session, process_group)
                        ^^^^^^^^^^^^^^^^^^^^^^^^^^^^^^^^^
  File "/opt/homebrew/Cellar/python@3.14/3.14.3_1/Frameworks/Python.framework/Versions/3.14/lib/python3.14/subprocess.py", line 1989, in _execute_child
    raise child_exception_type(errno_num, err_msg, err_filename)
FileNotFoundError: [Errno 2] No such file or directory: 'gog'
🔑 ログイン中...
✅ ログイン成功！
  🔍 [みかみ] 「みかみ」で検索中...
  🔍 [みかみ] 「アドネス」で検索中...
  🔍 [みかみ] 「スキルプラス」で検索中...
  [みかみ] 128件
  🔍 [かずくん] 「AI ONE」で検索中...
  [かずくん] 96件
  🔍 [プロパゲート] 「プロパゲート」で検索中...
  [プロパゲート] 99件
  🔍 [動画編集CAMP] 「動画編集CAMP」で検索中...
  🔍 [動画編集CAMP] 「アズール」で検索中...
  [動画編集CAMP] 16件
  🔍 [web集客まるなげ君] 「WeeAre」で検索中...
  🔍 [web集客まるなげ君] 「Degias」で検索中...
  🔍 [web集客まるなげ君] 「ワガママ採用」で検索中...
  [web集客まるなげ君] 273件
  🔍 [リソースクリエイション] 「リソースクリエイション」で検索中...
  [リソースクリエイション] 7件
  🔍 [トレプロ] 「TLPC」で検索中...
  🔍 [トレプロ] 「トレプロ」で検索中...
  [トレプロ] 102件
  🔍 [Talentia] 「Talentia」で検索中...
  [Talentia] 9件
  🔍 [Give] 「Give」で検索中...
  [Give] 0件
  🔍 [WSSクラス] 「WSS CLASS」で検索中...
  [WSSクラス] 0件
  🔍 [SNSマーケ研究室] 「SNSマーケ研究室」で検索中...
  🔍 [SNSマーケ研究室] 「SONOMAMA」で検索中...
  🔍 [SNSマーケ研究室] 「インフルエンサー発掘プロジェクト」で検索中...
  🔍 [SNSマーケ研究室] 「フリーランス育成」で検索中...
  [SNSマーケ研究室] 138件
  🔍 [Driven Properties] 「Driven Properties」で検索中...
  🔍 [Driven Properties] 「ドリブン・プロパティーズ」で検索中...
  [Driven Properties] 32件
  🔍 [Be Prime] 「Be Prime」で検索中...
  🔍 [Be Prime] 「BePrime」で検索中...
  🔍 [Be Prime] 「アウトロー求人」で検索中...
  [Be Prime] 29件
  🔍 [シックスレイズ] 「シックスレイズ」で検索中...
  🔍 [シックスレイズ] 「アドレイズプラス」で検索中...
  [シックスレイズ] 0件
  🔍 [freee] 「freee」で検索中...
  🔍 [freee] 「フリー」で検索中...
  🔍 [freee] 「freee会計」で検索中...
  🔍 [freee] 「freee人事労務」で検索中...
  [freee] 121件
  🔍 [楽待] 「楽待」で検索中...
  🔍 [楽待] 「RAKUMACHI」で検索中...
  [楽待] 15件
  🔍 [おさる] 「おさる」で検索中...
  🔍 [おさる] 「おさるマーケ大学」で検索中...
  🔍 [おさる] 「マーケターおさる」で検索中...
  [おさる] 55件
  🔍 [LEC] 「LEC」で検索中...
  🔍 [LEC] 「LECマスターブートキャンプ」で検索中...
  [LEC] 4件
Traceback (most recent call last):
  File "/Users/yotayamaguchi/dpro_notify/dpro_monitor.py", line 296, in <module>
    main()
    ~~~~^^
  File "/Users/yotayamaguchi/dpro_notify/dpro_monitor.py", line 273, in main
    sheet_name = ensure_monthly_sheet()
  File "/Users/yotayamaguchi/dpro_notify/dpro_monitor.py", line 31, in ensure_monthly_sheet
    result = subprocess.run(
        ["gog", "sheets", "metadata", SHEETS_ID, "-a", GOG_ACCOUNT, "-j"],
        capture_output=True, text=True)
  File "/opt/homebrew/Cellar/python@3.14/3.14.3_1/Frameworks/Python.framework/Versions/3.14/lib/python3.14/subprocess.py", line 554, in run
    with Popen(*popenargs, **kwargs) as process:
         ~~~~~^^^^^^^^^^^^^^^^^^^^^^
  File "/opt/homebrew/Cellar/python@3.14/3.14.3_1/Frameworks/Python.framework/Versions/3.14/lib/python3.14/subprocess.py", line 1038, in __init__
    self._execute_child(args, executable, preexec_fn, close_fds,
    ~~~~~~~~~~~~~~~~~~~^^^^^^^^^^^^^^^^^^^^^^^^^^^^^^^^^^^^^^^^^
                        pass_fds, cwd, env,
                        ^^^^^^^^^^^^^^^^^^^
    ...<5 lines>...
                        gid, gids, uid, umask,
                        ^^^^^^^^^^^^^^^^^^^^^^
                        start_new_session, process_group)
                        ^^^^^^^^^^^^^^^^^^^^^^^^^^^^^^^^^
  File "/opt/homebrew/Cellar/python@3.14/3.14.3_1/Frameworks/Python.framework/Versions/3.14/lib/python3.14/subprocess.py", line 1989, in _execute_child
    raise child_exception_type(errno_num, err_msg, err_filename)
FileNotFoundError: [Errno 2] No such file or directory: 'gog'
🔑 ログイン中...
✅ ログイン成功！
  🔍 [みかみ] 「みかみ」で検索中...
  🔍 [みかみ] 「アドネス」で検索中...
  🔍 [みかみ] 「スキルプラス」で検索中...
  [みかみ] 209件
  🔍 [かずくん] 「AI ONE」で検索中...
  [かずくん] 100件
  🔍 [プロパゲート] 「プロパゲート」で検索中...
  [プロパゲート] 99件
  🔍 [動画編集CAMP] 「動画編集CAMP」で検索中...
  🔍 [動画編集CAMP] 「アズール」で検索中...
  [動画編集CAMP] 17件
  🔍 [web集客まるなげ君] 「WeeAre」で検索中...
  🔍 [web集客まるなげ君] 「Degias」で検索中...
  🔍 [web集客まるなげ君] 「ワガママ採用」で検索中...
  [web集客まるなげ君] 281件
  🔍 [リソースクリエイション] 「リソースクリエイション」で検索中...
  [リソースクリエイション] 98件
  🔍 [トレプロ] 「TLPC」で検索中...
  🔍 [トレプロ] 「トレプロ」で検索中...
  [トレプロ] 176件
  🔍 [Talentia] 「Talentia」で検索中...
  [Talentia] 9件
  🔍 [Give] 「Give」で検索中...
  [Give] 1件
  🔍 [WSSクラス] 「WSS CLASS」で検索中...
  [WSSクラス] 0件
  🔍 [SNSマーケ研究室] 「SNSマーケ研究室」で検索中...
  🔍 [SNSマーケ研究室] 「SONOMAMA」で検索中...
  🔍 [SNSマーケ研究室] 「インフルエンサー発掘プロジェクト」で検索中...
  🔍 [SNSマーケ研究室] 「フリーランス育成」で検索中...
  [SNSマーケ研究室] 185件
  🔍 [Driven Properties] 「Driven Properties」で検索中...
  🔍 [Driven Properties] 「ドリブン・プロパティーズ」で検索中...
  [Driven Properties] 33件
  🔍 [Be Prime] 「Be Prime」で検索中...
  🔍 [Be Prime] 「BePrime」で検索中...
  🔍 [Be Prime] 「アウトロー求人」で検索中...
  [Be Prime] 29件
  🔍 [シックスレイズ] 「シックスレイズ」で検索中...
  🔍 [シックスレイズ] 「アドレイズプラス」で検索中...
  [シックスレイズ] 0件
  🔍 [freee] 「freee」で検索中...
  🔍 [freee] 「フリー」で検索中...
  🔍 [freee] 「freee会計」で検索中...
  🔍 [freee] 「freee人事労務」で検索中...
  [freee] 145件
  🔍 [楽待] 「楽待」で検索中...
  🔍 [楽待] 「RAKUMACHI」で検索中...
  [楽待] 15件
  🔍 [おさる] 「おさる」で検索中...
  🔍 [おさる] 「おさるマーケ大学」で検索中...
  🔍 [おさる] 「マーケターおさる」で検索中...
  [おさる] 66件
  🔍 [LEC] 「LEC」で検索中...
  🔍 [LEC] 「LECマスターブートキャンプ」で検索中...
  [LEC] 74件
Traceback (most recent call last):
  File "/Users/yotayamaguchi/dpro_notify/dpro_monitor.py", line 296, in <module>
    main()
    ~~~~^^
  File "/Users/yotayamaguchi/dpro_notify/dpro_monitor.py", line 273, in main
    sheet_name = ensure_monthly_sheet()
  File "/Users/yotayamaguchi/dpro_notify/dpro_monitor.py", line 31, in ensure_monthly_sheet
    result = subprocess.run(
        ["gog", "sheets", "metadata", SHEETS_ID, "-a", GOG_ACCOUNT, "-j"],
        capture_output=True, text=True)
  File "/opt/homebrew/Cellar/python@3.14/3.14.3_1/Frameworks/Python.framework/Versions/3.14/lib/python3.14/subprocess.py", line 554, in run
    with Popen(*popenargs, **kwargs) as process:
         ~~~~~^^^^^^^^^^^^^^^^^^^^^^
  File "/opt/homebrew/Cellar/python@3.14/3.14.3_1/Frameworks/Python.framework/Versions/3.14/lib/python3.14/subprocess.py", line 1038, in __init__
    self._execute_child(args, executable, preexec_fn, close_fds,
    ~~~~~~~~~~~~~~~~~~~^^^^^^^^^^^^^^^^^^^^^^^^^^^^^^^^^^^^^^^^^
                        pass_fds, cwd, env,
                        ^^^^^^^^^^^^^^^^^^^
    ...<5 lines>...
                        gid, gids, uid, umask,
                        ^^^^^^^^^^^^^^^^^^^^^^
                        start_new_session, process_group)
                        ^^^^^^^^^^^^^^^^^^^^^^^^^^^^^^^^^
  File "/opt/homebrew/Cellar/python@3.14/3.14.3_1/Frameworks/Python.framework/Versions/3.14/lib/python3.14/subprocess.py", line 1989, in _execute_child
    raise child_exception_type(errno_num, err_msg, err_filename)
FileNotFoundError: [Errno 2] No such file or directory: 'gog'
🔑 ログイン中...
✅ ログイン成功！
  🔍 [みかみ] 「みかみ」で検索中...
  🔍 [みかみ] 「アドネス」で検索中...
  🔍 [みかみ] 「スキルプラス」で検索中...
  [みかみ] 140件
  🔍 [かずくん] 「AI ONE」で検索中...
  [かずくん] 95件
  🔍 [プロパゲート] 「プロパゲート」で検索中...
  [プロパゲート] 99件
  🔍 [動画編集CAMP] 「動画編集CAMP」で検索中...
  🔍 [動画編集CAMP] 「アズール」で検索中...
  [動画編集CAMP] 16件
  🔍 [web集客まるなげ君] 「WeeAre」で検索中...
  🔍 [web集客まるなげ君] 「Degias」で検索中...
  🔍 [web集客まるなげ君] 「ワガママ採用」で検索中...
  [web集客まるなげ君] 276件
  🔍 [リソースクリエイション] 「リソースクリエイション」で検索中...
  [リソースクリエイション] 8件
  🔍 [トレプロ] 「TLPC」で検索中...
  🔍 [トレプロ] 「トレプロ」で検索中...
  [トレプロ] 102件
  🔍 [Talentia] 「Talentia」で検索中...
    ⏳ タイムアウト、リトライ中... (1/3)
  [Talentia] 9件
  🔍 [Give] 「Give」で検索中...
  [Give] 1件
  🔍 [WSSクラス] 「WSS CLASS」で検索中...
  [WSSクラス] 0件
  🔍 [SNSマーケ研究室] 「SNSマーケ研究室」で検索中...
  🔍 [SNSマーケ研究室] 「SONOMAMA」で検索中...
  🔍 [SNSマーケ研究室] 「インフルエンサー発掘プロジェクト」で検索中...
  🔍 [SNSマーケ研究室] 「フリーランス育成」で検索中...
  [SNSマーケ研究室] 157件
  🔍 [Driven Properties] 「Driven Properties」で検索中...
    ⏳ タイムアウト、リトライ中... (1/3)
  🔍 [Driven Properties] 「ドリブン・プロパティーズ」で検索中...
  [Driven Properties] 32件
  🔍 [Be Prime] 「Be Prime」で検索中...
  🔍 [Be Prime] 「BePrime」で検索中...
  🔍 [Be Prime] 「アウトロー求人」で検索中...
  [Be Prime] 0件
  🔍 [シックスレイズ] 「シックスレイズ」で検索中...
  🔍 [シックスレイズ] 「アドレイズプラス」で検索中...
  [シックスレイズ] 0件
  🔍 [freee] 「freee」で検索中...
  🔍 [freee] 「フリー」で検索中...
  🔍 [freee] 「freee会計」で検索中...
  🔍 [freee] 「freee人事労務」で検索中...
  [freee] 0件
  🔍 [楽待] 「楽待」で検索中...
  🔍 [楽待] 「RAKUMACHI」で検索中...
  [楽待] 0件
  🔍 [おさる] 「おさる」で検索中...
  🔍 [おさる] 「おさるマーケ大学」で検索中...
  🔍 [おさる] 「マーケターおさる」で検索中...
  [おさる] 0件
  🔍 [LEC] 「LEC」で検索中...
  🔍 [LEC] 「LECマスターブートキャンプ」で検索中...
  [LEC] 0件
Traceback (most recent call last):
  File "/Users/yotayamaguchi/dpro_notify/dpro_monitor.py", line 296, in <module>
    main()
    ~~~~^^
  File "/Users/yotayamaguchi/dpro_notify/dpro_monitor.py", line 273, in main
    sheet_name = ensure_monthly_sheet()
  File "/Users/yotayamaguchi/dpro_notify/dpro_monitor.py", line 31, in ensure_monthly_sheet
    result = subprocess.run(
        ["gog", "sheets", "metadata", SHEETS_ID, "-a", GOG_ACCOUNT, "-j"],
        capture_output=True, text=True)
  File "/opt/homebrew/Cellar/python@3.14/3.14.3_1/Frameworks/Python.framework/Versions/3.14/lib/python3.14/subprocess.py", line 554, in run
    with Popen(*popenargs, **kwargs) as process:
         ~~~~~^^^^^^^^^^^^^^^^^^^^^^
  File "/opt/homebrew/Cellar/python@3.14/3.14.3_1/Frameworks/Python.framework/Versions/3.14/lib/python3.14/subprocess.py", line 1038, in __init__
    self._execute_child(args, executable, preexec_fn, close_fds,
    ~~~~~~~~~~~~~~~~~~~^^^^^^^^^^^^^^^^^^^^^^^^^^^^^^^^^^^^^^^^^
                        pass_fds, cwd, env,
                        ^^^^^^^^^^^^^^^^^^^
    ...<5 lines>...
                        gid, gids, uid, umask,
                        ^^^^^^^^^^^^^^^^^^^^^^
                        start_new_session, process_group)
                        ^^^^^^^^^^^^^^^^^^^^^^^^^^^^^^^^^
  File "/opt/homebrew/Cellar/python@3.14/3.14.3_1/Frameworks/Python.framework/Versions/3.14/lib/python3.14/subprocess.py", line 1989, in _execute_child
    raise child_exception_type(errno_num, err_msg, err_filename)
FileNotFoundError: [Errno 2] No such file or directory: 'gog'
🔑 ログイン中...
✅ ログイン成功！
  🔍 [みかみ] 「みかみ」で検索中...
  🔍 [みかみ] 「アドネス」で検索中...
  🔍 [みかみ] 「スキルプラス」で検索中...
  [みかみ] 201件
  🔍 [かずくん] 「AI ONE」で検索中...
  [かずくん] 100件
  🔍 [プロパゲート] 「プロパゲート」で検索中...
  [プロパゲート] 99件
  🔍 [動画編集CAMP] 「動画編集CAMP」で検索中...
  🔍 [動画編集CAMP] 「アズール」で検索中...
  [動画編集CAMP] 16件
  🔍 [web集客まるなげ君] 「WeeAre」で検索中...
    ⏳ タイムアウト、リトライ中... (1/3)
  🔍 [web集客まるなげ君] 「Degias」で検索中...
  🔍 [web集客まるなげ君] 「ワガママ採用」で検索中...
  [web集客まるなげ君] 271件
  🔍 [リソースクリエイション] 「リソースクリエイション」で検索中...
  [リソースクリエイション] 98件
  🔍 [トレプロ] 「TLPC」で検索中...
  🔍 [トレプロ] 「トレプロ」で検索中...
  [トレプロ] 175件
  🔍 [Talentia] 「Talentia」で検索中...
  [Talentia] 9件
  🔍 [Give] 「Give」で検索中...
  [Give] 1件
  🔍 [WSSクラス] 「WSS CLASS」で検索中...
  [WSSクラス] 0件
  🔍 [SNSマーケ研究室] 「SNSマーケ研究室」で検索中...
  🔍 [SNSマーケ研究室] 「SONOMAMA」で検索中...
  🔍 [SNSマーケ研究室] 「インフルエンサー発掘プロジェクト」で検索中...
    ⏳ タイムアウト、リトライ中... (1/3)
  🔍 [SNSマーケ研究室] 「フリーランス育成」で検索中...
  [SNSマーケ研究室] 156件
  🔍 [Driven Properties] 「Driven Properties」で検索中...
  🔍 [Driven Properties] 「ドリブン・プロパティーズ」で検索中...
  [Driven Properties] 0件
  🔍 [Be Prime] 「Be Prime」で検索中...
  🔍 [Be Prime] 「BePrime」で検索中...
  🔍 [Be Prime] 「アウトロー求人」で検索中...
  [Be Prime] 0件
  🔍 [シックスレイズ] 「シックスレイズ」で検索中...
  🔍 [シックスレイズ] 「アドレイズプラス」で検索中...
  [シックスレイズ] 0件
  🔍 [freee] 「freee」で検索中...
  🔍 [freee] 「フリー」で検索中...
  🔍 [freee] 「freee会計」で検索中...
  🔍 [freee] 「freee人事労務」で検索中...
  [freee] 0件
  🔍 [楽待] 「楽待」で検索中...
  🔍 [楽待] 「RAKUMACHI」で検索中...
  [楽待] 0件
  🔍 [おさる] 「おさる」で検索中...
  🔍 [おさる] 「おさるマーケ大学」で検索中...
  🔍 [おさる] 「マーケターおさる」で検索中...
  [おさる] 0件
  🔍 [LEC] 「LEC」で検索中...
  🔍 [LEC] 「LECマスターブートキャンプ」で検索中...
  [LEC] 0件
Traceback (most recent call last):
  File "/Users/yotayamaguchi/dpro_notify/dpro_monitor.py", line 296, in <module>
    main()
    ~~~~^^
  File "/Users/yotayamaguchi/dpro_notify/dpro_monitor.py", line 273, in main
    sheet_name = ensure_monthly_sheet()
  File "/Users/yotayamaguchi/dpro_notify/dpro_monitor.py", line 31, in ensure_monthly_sheet
    result = subprocess.run(
        ["gog", "sheets", "metadata", SHEETS_ID, "-a", GOG_ACCOUNT, "-j"],
        capture_output=True, text=True)
  File "/opt/homebrew/Cellar/python@3.14/3.14.3_1/Frameworks/Python.framework/Versions/3.14/lib/python3.14/subprocess.py", line 554, in run
    with Popen(*popenargs, **kwargs) as process:
         ~~~~~^^^^^^^^^^^^^^^^^^^^^^
  File "/opt/homebrew/Cellar/python@3.14/3.14.3_1/Frameworks/Python.framework/Versions/3.14/lib/python3.14/subprocess.py", line 1038, in __init__
    self._execute_child(args, executable, preexec_fn, close_fds,
    ~~~~~~~~~~~~~~~~~~~^^^^^^^^^^^^^^^^^^^^^^^^^^^^^^^^^^^^^^^^^
                        pass_fds, cwd, env,
                        ^^^^^^^^^^^^^^^^^^^
    ...<5 lines>...
                        gid, gids, uid, umask,
                        ^^^^^^^^^^^^^^^^^^^^^^
                        start_new_session, process_group)
                        ^^^^^^^^^^^^^^^^^^^^^^^^^^^^^^^^^
  File "/opt/homebrew/Cellar/python@3.14/3.14.3_1/Frameworks/Python.framework/Versions/3.14/lib/python3.14/subprocess.py", line 1989, in _execute_child
    raise child_exception_type(errno_num, err_msg, err_filename)
FileNotFoundError: [Errno 2] No such file or directory: 'gog'
🔑 ログイン中...
✅ ログイン成功！
  🔍 [みかみ] 「みかみ」で検索中...
  🔍 [みかみ] 「アドネス」で検索中...
  🔍 [みかみ] 「スキルプラス」で検索中...
  [みかみ] 209件
  🔍 [かずくん] 「AI ONE」で検索中...
  [かずくん] 100件
  🔍 [プロパゲート] 「プロパゲート」で検索中...
  [プロパゲート] 99件
  🔍 [動画編集CAMP] 「動画編集CAMP」で検索中...
  🔍 [動画編集CAMP] 「アズール」で検索中...
  [動画編集CAMP] 16件
  🔍 [web集客まるなげ君] 「WeeAre」で検索中...
  🔍 [web集客まるなげ君] 「Degias」で検索中...
  🔍 [web集客まるなげ君] 「ワガママ採用」で検索中...
  [web集客まるなげ君] 273件
  🔍 [リソースクリエイション] 「リソースクリエイション」で検索中...
  [リソースクリエイション] 98件
  🔍 [トレプロ] 「TLPC」で検索中...
  🔍 [トレプロ] 「トレプロ」で検索中...
  [トレプロ] 176件
  🔍 [Talentia] 「Talentia」で検索中...
  [Talentia] 9件
  🔍 [Give] 「Give」で検索中...
  [Give] 1件
  🔍 [WSSクラス] 「WSS CLASS」で検索中...
  [WSSクラス] 0件
  🔍 [SNSマーケ研究室] 「SNSマーケ研究室」で検索中...
  🔍 [SNSマーケ研究室] 「SONOMAMA」で検索中...
  🔍 [SNSマーケ研究室] 「インフルエンサー発掘プロジェクト」で検索中...
  🔍 [SNSマーケ研究室] 「フリーランス育成」で検索中...
  [SNSマーケ研究室] 185件
  🔍 [Driven Properties] 「Driven Properties」で検索中...
  🔍 [Driven Properties] 「ドリブン・プロパティーズ」で検索中...
  [Driven Properties] 33件
  🔍 [Be Prime] 「Be Prime」で検索中...
  🔍 [Be Prime] 「BePrime」で検索中...
  🔍 [Be Prime] 「アウトロー求人」で検索中...
  [Be Prime] 28件
  🔍 [シックスレイズ] 「シックスレイズ」で検索中...
  🔍 [シックスレイズ] 「アドレイズプラス」で検索中...
  [シックスレイズ] 0件
  🔍 [freee] 「freee」で検索中...
  🔍 [freee] 「フリー」で検索中...
  🔍 [freee] 「freee会計」で検索中...
  🔍 [freee] 「freee人事労務」で検索中...
  [freee] 147件
  🔍 [楽待] 「楽待」で検索中...
  🔍 [楽待] 「RAKUMACHI」で検索中...
  [楽待] 15件
  🔍 [おさる] 「おさる」で検索中...
  🔍 [おさる] 「おさるマーケ大学」で検索中...
  🔍 [おさる] 「マーケターおさる」で検索中...
  [おさる] 66件
  🔍 [LEC] 「LEC」で検索中...
  🔍 [LEC] 「LECマスターブートキャンプ」で検索中...
  [LEC] 76件
Traceback (most recent call last):
  File "/Users/yotayamaguchi/dpro_notify/dpro_monitor.py", line 296, in <module>
    main()
    ~~~~^^
  File "/Users/yotayamaguchi/dpro_notify/dpro_monitor.py", line 273, in main
    sheet_name = ensure_monthly_sheet()
  File "/Users/yotayamaguchi/dpro_notify/dpro_monitor.py", line 31, in ensure_monthly_sheet
    result = subprocess.run(
        ["gog", "sheets", "metadata", SHEETS_ID, "-a", GOG_ACCOUNT, "-j"],
        capture_output=True, text=True)
  File "/opt/homebrew/Cellar/python@3.14/3.14.3_1/Frameworks/Python.framework/Versions/3.14/lib/python3.14/subprocess.py", line 554, in run
    with Popen(*popenargs, **kwargs) as process:
         ~~~~~^^^^^^^^^^^^^^^^^^^^^^
  File "/opt/homebrew/Cellar/python@3.14/3.14.3_1/Frameworks/Python.framework/Versions/3.14/lib/python3.14/subprocess.py", line 1038, in __init__
    self._execute_child(args, executable, preexec_fn, close_fds,
    ~~~~~~~~~~~~~~~~~~~^^^^^^^^^^^^^^^^^^^^^^^^^^^^^^^^^^^^^^^^^
                        pass_fds, cwd, env,
                        ^^^^^^^^^^^^^^^^^^^
    ...<5 lines>...
                        gid, gids, uid, umask,
                        ^^^^^^^^^^^^^^^^^^^^^^
                        start_new_session, process_group)
                        ^^^^^^^^^^^^^^^^^^^^^^^^^^^^^^^^^
  File "/opt/homebrew/Cellar/python@3.14/3.14.3_1/Frameworks/Python.framework/Versions/3.14/lib/python3.14/subprocess.py", line 1989, in _execute_child
    raise child_exception_type(errno_num, err_msg, err_filename)
FileNotFoundError: [Errno 2] No such file or directory: 'gog'
🔑 ログイン中...
✅ ログイン成功！
  🔍 [みかみ] 「みかみ」で検索中...
  🔍 [みかみ] 「アドネス」で検索中...
  🔍 [みかみ] 「スキルプラス」で検索中...
  [みかみ] 139件
  🔍 [かずくん] 「AI ONE」で検索中...
  [かずくん] 95件
  🔍 [プロパゲート] 「プロパゲート」で検索中...
  [プロパゲート] 99件
  🔍 [動画編集CAMP] 「動画編集CAMP」で検索中...
  🔍 [動画編集CAMP] 「アズール」で検索中...
  [動画編集CAMP] 16件
  🔍 [web集客まるなげ君] 「WeeAre」で検索中...
  🔍 [web集客まるなげ君] 「Degias」で検索中...
  🔍 [web集客まるなげ君] 「ワガママ採用」で検索中...
  [web集客まるなげ君] 274件
  🔍 [リソースクリエイション] 「リソースクリエイション」で検索中...
  [リソースクリエイション] 7件
  🔍 [トレプロ] 「TLPC」で検索中...
  🔍 [トレプロ] 「トレプロ」で検索中...
  [トレプロ] 101件
  🔍 [Talentia] 「Talentia」で検索中...
  [Talentia] 9件
  🔍 [Give] 「Give」で検索中...
  [Give] 0件
  🔍 [WSSクラス] 「WSS CLASS」で検索中...
  [WSSクラス] 0件
  🔍 [SNSマーケ研究室] 「SNSマーケ研究室」で検索中...
  🔍 [SNSマーケ研究室] 「SONOMAMA」で検索中...
  🔍 [SNSマーケ研究室] 「インフルエンサー発掘プロジェクト」で検索中...
  🔍 [SNSマーケ研究室] 「フリーランス育成」で検索中...
  [SNSマーケ研究室] 135件
  🔍 [Driven Properties] 「Driven Properties」で検索中...
  🔍 [Driven Properties] 「ドリブン・プロパティーズ」で検索中...
  [Driven Properties] 35件
  🔍 [Be Prime] 「Be Prime」で検索中...
  🔍 [Be Prime] 「BePrime」で検索中...
  🔍 [Be Prime] 「アウトロー求人」で検索中...
  [Be Prime] 29件
  🔍 [シックスレイズ] 「シックスレイズ」で検索中...
  🔍 [シックスレイズ] 「アドレイズプラス」で検索中...
  [シックスレイズ] 0件
  🔍 [freee] 「freee」で検索中...
  🔍 [freee] 「フリー」で検索中...
  🔍 [freee] 「freee会計」で検索中...
  🔍 [freee] 「freee人事労務」で検索中...
  [freee] 133件
  🔍 [楽待] 「楽待」で検索中...
  🔍 [楽待] 「RAKUMACHI」で検索中...
  [楽待] 15件
  🔍 [おさる] 「おさる」で検索中...
  🔍 [おさる] 「おさるマーケ大学」で検索中...
  🔍 [おさる] 「マーケターおさる」で検索中...
  [おさる] 64件
  🔍 [LEC] 「LEC」で検索中...
  🔍 [LEC] 「LECマスターブートキャンプ」で検索中...
  [LEC] 75件
Traceback (most recent call last):
  File "/Users/yotayamaguchi/dpro_notify/dpro_monitor.py", line 296, in <module>
    main()
    ~~~~^^
  File "/Users/yotayamaguchi/dpro_notify/dpro_monitor.py", line 273, in main
    sheet_name = ensure_monthly_sheet()
  File "/Users/yotayamaguchi/dpro_notify/dpro_monitor.py", line 31, in ensure_monthly_sheet
    result = subprocess.run(
        ["gog", "sheets", "metadata", SHEETS_ID, "-a", GOG_ACCOUNT, "-j"],
        capture_output=True, text=True)
  File "/opt/homebrew/Cellar/python@3.14/3.14.3_1/Frameworks/Python.framework/Versions/3.14/lib/python3.14/subprocess.py", line 554, in run
    with Popen(*popenargs, **kwargs) as process:
         ~~~~~^^^^^^^^^^^^^^^^^^^^^^
  File "/opt/homebrew/Cellar/python@3.14/3.14.3_1/Frameworks/Python.framework/Versions/3.14/lib/python3.14/subprocess.py", line 1038, in __init__
    self._execute_child(args, executable, preexec_fn, close_fds,
    ~~~~~~~~~~~~~~~~~~~^^^^^^^^^^^^^^^^^^^^^^^^^^^^^^^^^^^^^^^^^
                        pass_fds, cwd, env,
                        ^^^^^^^^^^^^^^^^^^^
    ...<5 lines>...
                        gid, gids, uid, umask,
                        ^^^^^^^^^^^^^^^^^^^^^^
                        start_new_session, process_group)
                        ^^^^^^^^^^^^^^^^^^^^^^^^^^^^^^^^^
  File "/opt/homebrew/Cellar/python@3.14/3.14.3_1/Frameworks/Python.framework/Versions/3.14/lib/python3.14/subprocess.py", line 1989, in _execute_child
    raise child_exception_type(errno_num, err_msg, err_filename)
FileNotFoundError: [Errno 2] No such file or directory: 'gog'
🔑 ログイン中...
✅ ログイン成功！
  🔍 [みかみ] 「みかみ」で検索中...
  🔍 [みかみ] 「アドネス」で検索中...
  🔍 [みかみ] 「スキルプラス」で検索中...
  [みかみ] 209件
  🔍 [かずくん] 「AI ONE」で検索中...
  [かずくん] 100件
  🔍 [プロパゲート] 「プロパゲート」で検索中...
  [プロパゲート] 99件
  🔍 [動画編集CAMP] 「動画編集CAMP」で検索中...
  🔍 [動画編集CAMP] 「アズール」で検索中...
  [動画編集CAMP] 16件
  🔍 [web集客まるなげ君] 「WeeAre」で検索中...
  🔍 [web集客まるなげ君] 「Degias」で検索中...
  🔍 [web集客まるなげ君] 「ワガママ採用」で検索中...
  [web集客まるなげ君] 279件
  🔍 [リソースクリエイション] 「リソースクリエイション」で検索中...
  [リソースクリエイション] 98件
  🔍 [トレプロ] 「TLPC」で検索中...
  🔍 [トレプロ] 「トレプロ」で検索中...
  [トレプロ] 176件
  🔍 [Talentia] 「Talentia」で検索中...
  [Talentia] 9件
  🔍 [Give] 「Give」で検索中...
  [Give] 1件
  🔍 [WSSクラス] 「WSS CLASS」で検索中...
  [WSSクラス] 0件
  🔍 [SNSマーケ研究室] 「SNSマーケ研究室」で検索中...
  🔍 [SNSマーケ研究室] 「SONOMAMA」で検索中...
  🔍 [SNSマーケ研究室] 「インフルエンサー発掘プロジェクト」で検索中...
  🔍 [SNSマーケ研究室] 「フリーランス育成」で検索中...
  [SNSマーケ研究室] 183件
  🔍 [Driven Properties] 「Driven Properties」で検索中...
  🔍 [Driven Properties] 「ドリブン・プロパティーズ」で検索中...
  [Driven Properties] 34件
  🔍 [Be Prime] 「Be Prime」で検索中...
  🔍 [Be Prime] 「BePrime」で検索中...
  🔍 [Be Prime] 「アウトロー求人」で検索中...
  [Be Prime] 29件
  🔍 [シックスレイズ] 「シックスレイズ」で検索中...
  🔍 [シックスレイズ] 「アドレイズプラス」で検索中...
  [シックスレイズ] 0件
  🔍 [freee] 「freee」で検索中...
  🔍 [freee] 「フリー」で検索中...
  🔍 [freee] 「freee会計」で検索中...
  🔍 [freee] 「freee人事労務」で検索中...
  [freee] 147件
  🔍 [楽待] 「楽待」で検索中...
  🔍 [楽待] 「RAKUMACHI」で検索中...
  [楽待] 15件
  🔍 [おさる] 「おさる」で検索中...
  🔍 [おさる] 「おさるマーケ大学」で検索中...
  🔍 [おさる] 「マーケターおさる」で検索中...
  [おさる] 66件
  🔍 [LEC] 「LEC」で検索中...
  🔍 [LEC] 「LECマスターブートキャンプ」で検索中...
  [LEC] 76件
Traceback (most recent call last):
  File "/Users/yotayamaguchi/dpro_notify/dpro_monitor.py", line 296, in <module>
    main()
    ~~~~^^
  File "/Users/yotayamaguchi/dpro_notify/dpro_monitor.py", line 273, in main
    sheet_name = ensure_monthly_sheet()
  File "/Users/yotayamaguchi/dpro_notify/dpro_monitor.py", line 31, in ensure_monthly_sheet
    result = subprocess.run(
        ["gog", "sheets", "metadata", SHEETS_ID, "-a", GOG_ACCOUNT, "-j"],
        capture_output=True, text=True)
  File "/opt/homebrew/Cellar/python@3.14/3.14.3_1/Frameworks/Python.framework/Versions/3.14/lib/python3.14/subprocess.py", line 554, in run
    with Popen(*popenargs, **kwargs) as process:
         ~~~~~^^^^^^^^^^^^^^^^^^^^^^
  File "/opt/homebrew/Cellar/python@3.14/3.14.3_1/Frameworks/Python.framework/Versions/3.14/lib/python3.14/subprocess.py", line 1038, in __init__
    self._execute_child(args, executable, preexec_fn, close_fds,
    ~~~~~~~~~~~~~~~~~~~^^^^^^^^^^^^^^^^^^^^^^^^^^^^^^^^^^^^^^^^^
                        pass_fds, cwd, env,
                        ^^^^^^^^^^^^^^^^^^^
    ...<5 lines>...
                        gid, gids, uid, umask,
                        ^^^^^^^^^^^^^^^^^^^^^^
                        start_new_session, process_group)
                        ^^^^^^^^^^^^^^^^^^^^^^^^^^^^^^^^^
  File "/opt/homebrew/Cellar/python@3.14/3.14.3_1/Frameworks/Python.framework/Versions/3.14/lib/python3.14/subprocess.py", line 1989, in _execute_child
    raise child_exception_type(errno_num, err_msg, err_filename)
FileNotFoundError: [Errno 2] No such file or directory: 'gog'
🔑 ログイン中...
✅ ログイン成功！
  🔍 [みかみ] 「みかみ」で検索中...
  🔍 [みかみ] 「アドネス」で検索中...
  🔍 [みかみ] 「スキルプラス」で検索中...
  [みかみ] 220件
  🔍 [かずくん] 「AI ONE」で検索中...
  [かずくん] 99件
  🔍 [プロパゲート] 「プロパゲート」で検索中...
  [プロパゲート] 99件
  🔍 [動画編集CAMP] 「動画編集CAMP」で検索中...
  🔍 [動画編集CAMP] 「アズール」で検索中...
  [動画編集CAMP] 18件
  🔍 [web集客まるなげ君] 「WeeAre」で検索中...
  🔍 [web集客まるなげ君] 「Degias」で検索中...
  🔍 [web集客まるなげ君] 「ワガママ採用」で検索中...
  [web集客まるなげ君] 285件
  🔍 [リソースクリエイション] 「リソースクリエイション」で検索中...
  [リソースクリエイション] 98件
  🔍 [トレプロ] 「TLPC」で検索中...
  🔍 [トレプロ] 「トレプロ」で検索中...
  [トレプロ] 170件
  🔍 [Talentia] 「Talentia」で検索中...
  [Talentia] 10件
  🔍 [Give] 「Give」で検索中...
  [Give] 1件
  🔍 [WSSクラス] 「WSS CLASS」で検索中...
  [WSSクラス] 0件
  🔍 [SNSマーケ研究室] 「SNSマーケ研究室」で検索中...
  🔍 [SNSマーケ研究室] 「SONOMAMA」で検索中...
  🔍 [SNSマーケ研究室] 「インフルエンサー発掘プロジェクト」で検索中...
  🔍 [SNSマーケ研究室] 「フリーランス育成」で検索中...
  [SNSマーケ研究室] 132件
  🔍 [Driven Properties] 「Driven Properties」で検索中...
  🔍 [Driven Properties] 「ドリブン・プロパティーズ」で検索中...
  [Driven Properties] 36件
  🔍 [Be Prime] 「Be Prime」で検索中...
  🔍 [Be Prime] 「BePrime」で検索中...
  🔍 [Be Prime] 「アウトロー求人」で検索中...
  [Be Prime] 31件
  🔍 [シックスレイズ] 「シックスレイズ」で検索中...
  🔍 [シックスレイズ] 「アドレイズプラス」で検索中...
  [シックスレイズ] 0件
  🔍 [freee] 「freee」で検索中...
  🔍 [freee] 「フリー」で検索中...
  🔍 [freee] 「freee会計」で検索中...
  🔍 [freee] 「freee人事労務」で検索中...
  [freee] 174件
  🔍 [楽待] 「楽待」で検索中...
  🔍 [楽待] 「RAKUMACHI」で検索中...
  [楽待] 15件
  🔍 [おさる] 「おさる」で検索中...
  🔍 [おさる] 「おさるマーケ大学」で検索中...
  🔍 [おさる] 「マーケターおさる」で検索中...
  [おさる] 64件
  🔍 [LEC] 「LEC」で検索中...
  🔍 [LEC] 「LECマスターブートキャンプ」で検索中...
  [LEC] 77件
Traceback (most recent call last):
  File "/Users/yotayamaguchi/dpro_notify/dpro_monitor.py", line 296, in <module>
    main()
    ~~~~^^
  File "/Users/yotayamaguchi/dpro_notify/dpro_monitor.py", line 273, in main
    sheet_name = ensure_monthly_sheet()
  File "/Users/yotayamaguchi/dpro_notify/dpro_monitor.py", line 31, in ensure_monthly_sheet
    result = subprocess.run(
        ["gog", "sheets", "metadata", SHEETS_ID, "-a", GOG_ACCOUNT, "-j"],
        capture_output=True, text=True)
  File "/opt/homebrew/Cellar/python@3.14/3.14.3_1/Frameworks/Python.framework/Versions/3.14/lib/python3.14/subprocess.py", line 554, in run
    with Popen(*popenargs, **kwargs) as process:
         ~~~~~^^^^^^^^^^^^^^^^^^^^^^
  File "/opt/homebrew/Cellar/python@3.14/3.14.3_1/Frameworks/Python.framework/Versions/3.14/lib/python3.14/subprocess.py", line 1038, in __init__
    self._execute_child(args, executable, preexec_fn, close_fds,
    ~~~~~~~~~~~~~~~~~~~^^^^^^^^^^^^^^^^^^^^^^^^^^^^^^^^^^^^^^^^^
                        pass_fds, cwd, env,
                        ^^^^^^^^^^^^^^^^^^^
    ...<5 lines>...
                        gid, gids, uid, umask,
                        ^^^^^^^^^^^^^^^^^^^^^^
                        start_new_session, process_group)
                        ^^^^^^^^^^^^^^^^^^^^^^^^^^^^^^^^^
  File "/opt/homebrew/Cellar/python@3.14/3.14.3_1/Frameworks/Python.framework/Versions/3.14/lib/python3.14/subprocess.py", line 1989, in _execute_child
    raise child_exception_type(errno_num, err_msg, err_filename)
FileNotFoundError: [Errno 2] No such file or directory: 'gog'
🔑 ログイン中...
✅ ログイン成功！
  🔍 [みかみ] 「みかみ」で検索中...
  🔍 [みかみ] 「アドネス」で検索中...
  🔍 [みかみ] 「スキルプラス」で検索中...
  [みかみ] 209件
  🔍 [かずくん] 「AI ONE」で検索中...
  [かずくん] 100件
  🔍 [プロパゲート] 「プロパゲート」で検索中...
  [プロパゲート] 99件
  🔍 [動画編集CAMP] 「動画編集CAMP」で検索中...
  🔍 [動画編集CAMP] 「アズール」で検索中...
  [動画編集CAMP] 9件
  🔍 [web集客まるなげ君] 「WeeAre」で検索中...
  🔍 [web集客まるなげ君] 「Degias」で検索中...
  🔍 [web集客まるなげ君] 「ワガママ採用」で検索中...
  [web集客まるなげ君] 270件
  🔍 [リソースクリエイション] 「リソースクリエイション」で検索中...
  [リソースクリエイション] 98件
  🔍 [トレプロ] 「TLPC」で検索中...
  🔍 [トレプロ] 「トレプロ」で検索中...
  [トレプロ] 172件
  🔍 [Talentia] 「Talentia」で検索中...
  [Talentia] 6件
  🔍 [Give] 「Give」で検索中...
  [Give] 1件
  🔍 [WSSクラス] 「WSS CLASS」で検索中...
  [WSSクラス] 0件
  🔍 [SNSマーケ研究室] 「SNSマーケ研究室」で検索中...
  🔍 [SNSマーケ研究室] 「SONOMAMA」で検索中...
  🔍 [SNSマーケ研究室] 「インフルエンサー発掘プロジェクト」で検索中...
  🔍 [SNSマーケ研究室] 「フリーランス育成」で検索中...
  [SNSマーケ研究室] 95件
  🔍 [Driven Properties] 「Driven Properties」で検索中...
  🔍 [Driven Properties] 「ドリブン・プロパティーズ」で検索中...
  [Driven Properties] 31件
  🔍 [Be Prime] 「Be Prime」で検索中...
  🔍 [Be Prime] 「BePrime」で検索中...
  🔍 [Be Prime] 「アウトロー求人」で検索中...
  [Be Prime] 23件
  🔍 [シックスレイズ] 「シックスレイズ」で検索中...
  🔍 [シックスレイズ] 「アドレイズプラス」で検索中...
  [シックスレイズ] 0件
  🔍 [freee] 「freee」で検索中...
  🔍 [freee] 「フリー」で検索中...
  🔍 [freee] 「freee会計」で検索中...
  🔍 [freee] 「freee人事労務」で検索中...
  [freee] 153件
  🔍 [楽待] 「楽待」で検索中...
  🔍 [楽待] 「RAKUMACHI」で検索中...
  [楽待] 15件
  🔍 [おさる] 「おさる」で検索中...
  🔍 [おさる] 「おさるマーケ大学」で検索中...
  🔍 [おさる] 「マーケターおさる」で検索中...
  [おさる] 66件
  🔍 [LEC] 「LEC」で検索中...
  🔍 [LEC] 「LECマスターブートキャンプ」で検索中...
  [LEC] 76件
Traceback (most recent call last):
  File "/Users/yotayamaguchi/dpro_notify/dpro_monitor.py", line 296, in <module>
    main()
    ~~~~^^
  File "/Users/yotayamaguchi/dpro_notify/dpro_monitor.py", line 273, in main
    sheet_name = ensure_monthly_sheet()
  File "/Users/yotayamaguchi/dpro_notify/dpro_monitor.py", line 31, in ensure_monthly_sheet
    result = subprocess.run(
        ["gog", "sheets", "metadata", SHEETS_ID, "-a", GOG_ACCOUNT, "-j"],
        capture_output=True, text=True)
  File "/opt/homebrew/Cellar/python@3.14/3.14.3_1/Frameworks/Python.framework/Versions/3.14/lib/python3.14/subprocess.py", line 554, in run
    with Popen(*popenargs, **kwargs) as process:
         ~~~~~^^^^^^^^^^^^^^^^^^^^^^
  File "/opt/homebrew/Cellar/python@3.14/3.14.3_1/Frameworks/Python.framework/Versions/3.14/lib/python3.14/subprocess.py", line 1038, in __init__
    self._execute_child(args, executable, preexec_fn, close_fds,
    ~~~~~~~~~~~~~~~~~~~^^^^^^^^^^^^^^^^^^^^^^^^^^^^^^^^^^^^^^^^^
                        pass_fds, cwd, env,
                        ^^^^^^^^^^^^^^^^^^^
    ...<5 lines>...
                        gid, gids, uid, umask,
                        ^^^^^^^^^^^^^^^^^^^^^^
                        start_new_session, process_group)
                        ^^^^^^^^^^^^^^^^^^^^^^^^^^^^^^^^^
  File "/opt/homebrew/Cellar/python@3.14/3.14.3_1/Frameworks/Python.framework/Versions/3.14/lib/python3.14/subprocess.py", line 1989, in _execute_child
    raise child_exception_type(errno_num, err_msg, err_filename)
FileNotFoundError: [Errno 2] No such file or directory: 'gog'
🔑 ログイン中...
✅ ログイン成功！
  🔍 [みかみ] 「みかみ」で検索中...
  🔍 [みかみ] 「アドネス」で検索中...
  🔍 [みかみ] 「スキルプラス」で検索中...
  [みかみ] 208件
  🔍 [かずくん] 「AI ONE」で検索中...
  [かずくん] 100件
  🔍 [プロパゲート] 「プロパゲート」で検索中...
  [プロパゲート] 99件
  🔍 [動画編集CAMP] 「動画編集CAMP」で検索中...
  🔍 [動画編集CAMP] 「アズール」で検索中...
  [動画編集CAMP] 16件
  🔍 [web集客まるなげ君] 「WeeAre」で検索中...
  🔍 [web集客まるなげ君] 「Degias」で検索中...
  🔍 [web集客まるなげ君] 「ワガママ採用」で検索中...
    ⏳ タイムアウト、リトライ中... (1/3)
  [web集客まるなげ君] 281件
  🔍 [リソースクリエイション] 「リソースクリエイション」で検索中...
  [リソースクリエイション] 98件
  🔍 [トレプロ] 「TLPC」で検索中...
    ⏳ タイムアウト、リトライ中... (1/3)
  🔍 [トレプロ] 「トレプロ」で検索中...
  [トレプロ] 99件
  🔍 [Talentia] 「Talentia」で検索中...
  [Talentia] 0件
  🔍 [Give] 「Give」で検索中...
  [Give] 0件
  🔍 [WSSクラス] 「WSS CLASS」で検索中...
  [WSSクラス] 0件
  🔍 [SNSマーケ研究室] 「SNSマーケ研究室」で検索中...
  🔍 [SNSマーケ研究室] 「SONOMAMA」で検索中...
  🔍 [SNSマーケ研究室] 「インフルエンサー発掘プロジェクト」で検索中...
  🔍 [SNSマーケ研究室] 「フリーランス育成」で検索中...
  [SNSマーケ研究室] 0件
  🔍 [Driven Properties] 「Driven Properties」で検索中...
  🔍 [Driven Properties] 「ドリブン・プロパティーズ」で検索中...
  [Driven Properties] 0件
  🔍 [Be Prime] 「Be Prime」で検索中...
  🔍 [Be Prime] 「BePrime」で検索中...
  🔍 [Be Prime] 「アウトロー求人」で検索中...
  [Be Prime] 0件
  🔍 [シックスレイズ] 「シックスレイズ」で検索中...
  🔍 [シックスレイズ] 「アドレイズプラス」で検索中...
  [シックスレイズ] 0件
  🔍 [freee] 「freee」で検索中...
  🔍 [freee] 「フリー」で検索中...
  🔍 [freee] 「freee会計」で検索中...
  🔍 [freee] 「freee人事労務」で検索中...
  [freee] 0件
  🔍 [楽待] 「楽待」で検索中...
  🔍 [楽待] 「RAKUMACHI」で検索中...
  [楽待] 0件
  🔍 [おさる] 「おさる」で検索中...
  🔍 [おさる] 「おさるマーケ大学」で検索中...
  🔍 [おさる] 「マーケターおさる」で検索中...
  [おさる] 0件
  🔍 [LEC] 「LEC」で検索中...
  🔍 [LEC] 「LECマスターブートキャンプ」で検索中...
  [LEC] 0件
Traceback (most recent call last):
  File "/Users/yotayamaguchi/dpro_notify/dpro_monitor.py", line 296, in <module>
    main()
    ~~~~^^
  File "/Users/yotayamaguchi/dpro_notify/dpro_monitor.py", line 273, in main
    sheet_name = ensure_monthly_sheet()
  File "/Users/yotayamaguchi/dpro_notify/dpro_monitor.py", line 31, in ensure_monthly_sheet
    result = subprocess.run(
        ["gog", "sheets", "metadata", SHEETS_ID, "-a", GOG_ACCOUNT, "-j"],
        capture_output=True, text=True)
  File "/opt/homebrew/Cellar/python@3.14/3.14.3_1/Frameworks/Python.framework/Versions/3.14/lib/python3.14/subprocess.py", line 554, in run
    with Popen(*popenargs, **kwargs) as process:
         ~~~~~^^^^^^^^^^^^^^^^^^^^^^
  File "/opt/homebrew/Cellar/python@3.14/3.14.3_1/Frameworks/Python.framework/Versions/3.14/lib/python3.14/subprocess.py", line 1038, in __init__
    self._execute_child(args, executable, preexec_fn, close_fds,
    ~~~~~~~~~~~~~~~~~~~^^^^^^^^^^^^^^^^^^^^^^^^^^^^^^^^^^^^^^^^^
                        pass_fds, cwd, env,
                        ^^^^^^^^^^^^^^^^^^^
    ...<5 lines>...
                        gid, gids, uid, umask,
                        ^^^^^^^^^^^^^^^^^^^^^^
                        start_new_session, process_group)
                        ^^^^^^^^^^^^^^^^^^^^^^^^^^^^^^^^^
  File "/opt/homebrew/Cellar/python@3.14/3.14.3_1/Frameworks/Python.framework/Versions/3.14/lib/python3.14/subprocess.py", line 1989, in _execute_child
    raise child_exception_type(errno_num, err_msg, err_filename)
FileNotFoundError: [Errno 2] No such file or directory: 'gog'
🔑 ログイン中...
✅ ログイン成功！
  🔍 [みかみ] 「みかみ」で検索中...
  🔍 [みかみ] 「アドネス」で検索中...
  🔍 [みかみ] 「スキルプラス」で検索中...
  [みかみ] 224件
  🔍 [かずくん] 「AI ONE」で検索中...
  [かずくん] 99件
  🔍 [プロパゲート] 「プロパゲート」で検索中...
  [プロパゲート] 99件
  🔍 [動画編集CAMP] 「動画編集CAMP」で検索中...
  🔍 [動画編集CAMP] 「アズール」で検索中...
  [動画編集CAMP] 19件
  🔍 [web集客まるなげ君] 「WeeAre」で検索中...
    ⏳ タイムアウト、リトライ中... (1/3)
  🔍 [web集客まるなげ君] 「Degias」で検索中...
  🔍 [web集客まるなげ君] 「ワガママ採用」で検索中...
  [web集客まるなげ君] 284件
  🔍 [リソースクリエイション] 「リソースクリエイション」で検索中...
  [リソースクリエイション] 98件
  🔍 [トレプロ] 「TLPC」で検索中...
  🔍 [トレプロ] 「トレプロ」で検索中...
  [トレプロ] 169件
  🔍 [Talentia] 「Talentia」で検索中...
  [Talentia] 10件
  🔍 [Give] 「Give」で検索中...
  [Give] 1件
  🔍 [WSSクラス] 「WSS CLASS」で検索中...
  [WSSクラス] 0件
  🔍 [SNSマーケ研究室] 「SNSマーケ研究室」で検索中...
  🔍 [SNSマーケ研究室] 「SONOMAMA」で検索中...
  🔍 [SNSマーケ研究室] 「インフルエンサー発掘プロジェクト」で検索中...
  🔍 [SNSマーケ研究室] 「フリーランス育成」で検索中...
  [SNSマーケ研究室] 135件
  🔍 [Driven Properties] 「Driven Properties」で検索中...
  🔍 [Driven Properties] 「ドリブン・プロパティーズ」で検索中...
    ⏳ タイムアウト、リトライ中... (1/3)
  [Driven Properties] 36件
  🔍 [Be Prime] 「Be Prime」で検索中...
  🔍 [Be Prime] 「BePrime」で検索中...
    ⏳ タイムアウト、リトライ中... (1/3)
  🔍 [Be Prime] 「アウトロー求人」で検索中...
  [Be Prime] 0件
  🔍 [シックスレイズ] 「シックスレイズ」で検索中...
  🔍 [シックスレイズ] 「アドレイズプラス」で検索中...
  [シックスレイズ] 0件
  🔍 [freee] 「freee」で検索中...
  🔍 [freee] 「フリー」で検索中...
  🔍 [freee] 「freee会計」で検索中...
  🔍 [freee] 「freee人事労務」で検索中...
  [freee] 0件
  🔍 [楽待] 「楽待」で検索中...
  🔍 [楽待] 「RAKUMACHI」で検索中...
  [楽待] 0件
  🔍 [おさる] 「おさる」で検索中...
  🔍 [おさる] 「おさるマーケ大学」で検索中...
  🔍 [おさる] 「マーケターおさる」で検索中...
  [おさる] 0件
  🔍 [LEC] 「LEC」で検索中...
  🔍 [LEC] 「LECマスターブートキャンプ」で検索中...
  [LEC] 0件
Traceback (most recent call last):
  File "/Users/yotayamaguchi/dpro_notify/dpro_monitor.py", line 296, in <module>
    main()
    ~~~~^^
  File "/Users/yotayamaguchi/dpro_notify/dpro_monitor.py", line 273, in main
    sheet_name = ensure_monthly_sheet()
  File "/Users/yotayamaguchi/dpro_notify/dpro_monitor.py", line 31, in ensure_monthly_sheet
    result = subprocess.run(
        ["gog", "sheets", "metadata", SHEETS_ID, "-a", GOG_ACCOUNT, "-j"],
        capture_output=True, text=True)
  File "/opt/homebrew/Cellar/python@3.14/3.14.3_1/Frameworks/Python.framework/Versions/3.14/lib/python3.14/subprocess.py", line 554, in run
    with Popen(*popenargs, **kwargs) as process:
         ~~~~~^^^^^^^^^^^^^^^^^^^^^^
  File "/opt/homebrew/Cellar/python@3.14/3.14.3_1/Frameworks/Python.framework/Versions/3.14/lib/python3.14/subprocess.py", line 1038, in __init__
    self._execute_child(args, executable, preexec_fn, close_fds,
    ~~~~~~~~~~~~~~~~~~~^^^^^^^^^^^^^^^^^^^^^^^^^^^^^^^^^^^^^^^^^
                        pass_fds, cwd, env,
                        ^^^^^^^^^^^^^^^^^^^
    ...<5 lines>...
                        gid, gids, uid, umask,
                        ^^^^^^^^^^^^^^^^^^^^^^
                        start_new_session, process_group)
                        ^^^^^^^^^^^^^^^^^^^^^^^^^^^^^^^^^
  File "/opt/homebrew/Cellar/python@3.14/3.14.3_1/Frameworks/Python.framework/Versions/3.14/lib/python3.14/subprocess.py", line 1989, in _execute_child
    raise child_exception_type(errno_num, err_msg, err_filename)
FileNotFoundError: [Errno 2] No such file or directory: 'gog'
🔑 ログイン中...
✅ ログイン成功！
  🔍 [みかみ] 「みかみ」で検索中...
  🔍 [みかみ] 「アドネス」で検索中...
  🔍 [みかみ] 「スキルプラス」で検索中...
  [みかみ] 211件
  🔍 [かずくん] 「AI ONE」で検索中...
  [かずくん] 100件
  🔍 [プロパゲート] 「プロパゲート」で検索中...
  [プロパゲート] 99件
  🔍 [動画編集CAMP] 「動画編集CAMP」で検索中...
  🔍 [動画編集CAMP] 「アズール」で検索中...
  [動画編集CAMP] 16件
  🔍 [web集客まるなげ君] 「WeeAre」で検索中...
  🔍 [web集客まるなげ君] 「Degias」で検索中...
  🔍 [web集客まるなげ君] 「ワガママ採用」で検索中...
  [web集客まるなげ君] 278件
  🔍 [リソースクリエイション] 「リソースクリエイション」で検索中...
  [リソースクリエイション] 97件
  🔍 [トレプロ] 「TLPC」で検索中...
  🔍 [トレプロ] 「トレプロ」で検索中...
  [トレプロ] 176件
  🔍 [Talentia] 「Talentia」で検索中...
  [Talentia] 12件
  🔍 [Give] 「Give」で検索中...
  [Give] 1件
  🔍 [WSSクラス] 「WSS CLASS」で検索中...
  [WSSクラス] 0件
  🔍 [SNSマーケ研究室] 「SNSマーケ研究室」で検索中...
  🔍 [SNSマーケ研究室] 「SONOMAMA」で検索中...
  🔍 [SNSマーケ研究室] 「インフルエンサー発掘プロジェクト」で検索中...
  🔍 [SNSマーケ研究室] 「フリーランス育成」で検索中...
  [SNSマーケ研究室] 184件
  🔍 [Driven Properties] 「Driven Properties」で検索中...
  🔍 [Driven Properties] 「ドリブン・プロパティーズ」で検索中...
  [Driven Properties] 38件
  🔍 [Be Prime] 「Be Prime」で検索中...
  🔍 [Be Prime] 「BePrime」で検索中...
  🔍 [Be Prime] 「アウトロー求人」で検索中...
  [Be Prime] 32件
  🔍 [シックスレイズ] 「シックスレイズ」で検索中...
  🔍 [シックスレイズ] 「アドレイズプラス」で検索中...
  [シックスレイズ] 0件
  🔍 [freee] 「freee」で検索中...
  🔍 [freee] 「フリー」で検索中...
  🔍 [freee] 「freee会計」で検索中...
  🔍 [freee] 「freee人事労務」で検索中...
  [freee] 147件
  🔍 [楽待] 「楽待」で検索中...
  🔍 [楽待] 「RAKUMACHI」で検索中...
  [楽待] 15件
  🔍 [おさる] 「おさる」で検索中...
  🔍 [おさる] 「おさるマーケ大学」で検索中...
    ⏳ タイムアウト、リトライ中... (1/3)
  🔍 [おさる] 「マーケターおさる」で検索中...
  [おさる] 66件
  🔍 [LEC] 「LEC」で検索中...
  🔍 [LEC] 「LECマスターブートキャンプ」で検索中...
  [LEC] 74件
Traceback (most recent call last):
  File "/Users/yotayamaguchi/dpro_notify/dpro_monitor.py", line 296, in <module>
    main()
    ~~~~^^
  File "/Users/yotayamaguchi/dpro_notify/dpro_monitor.py", line 273, in main
    sheet_name = ensure_monthly_sheet()
  File "/Users/yotayamaguchi/dpro_notify/dpro_monitor.py", line 31, in ensure_monthly_sheet
    result = subprocess.run(
        ["gog", "sheets", "metadata", SHEETS_ID, "-a", GOG_ACCOUNT, "-j"],
        capture_output=True, text=True)
  File "/opt/homebrew/Cellar/python@3.14/3.14.3_1/Frameworks/Python.framework/Versions/3.14/lib/python3.14/subprocess.py", line 554, in run
    with Popen(*popenargs, **kwargs) as process:
         ~~~~~^^^^^^^^^^^^^^^^^^^^^^
  File "/opt/homebrew/Cellar/python@3.14/3.14.3_1/Frameworks/Python.framework/Versions/3.14/lib/python3.14/subprocess.py", line 1038, in __init__
    self._execute_child(args, executable, preexec_fn, close_fds,
    ~~~~~~~~~~~~~~~~~~~^^^^^^^^^^^^^^^^^^^^^^^^^^^^^^^^^^^^^^^^^
                        pass_fds, cwd, env,
                        ^^^^^^^^^^^^^^^^^^^
    ...<5 lines>...
                        gid, gids, uid, umask,
                        ^^^^^^^^^^^^^^^^^^^^^^
                        start_new_session, process_group)
                        ^^^^^^^^^^^^^^^^^^^^^^^^^^^^^^^^^
  File "/opt/homebrew/Cellar/python@3.14/3.14.3_1/Frameworks/Python.framework/Versions/3.14/lib/python3.14/subprocess.py", line 1989, in _execute_child
    raise child_exception_type(errno_num, err_msg, err_filename)
FileNotFoundError: [Errno 2] No such file or directory: 'gog'
🔑 ログイン中...
✅ ログイン成功！
  🔍 [みかみ] 「みかみ」で検索中...
  🔍 [みかみ] 「アドネス」で検索中...
  🔍 [みかみ] 「スキルプラス」で検索中...
  [みかみ] 163件
  🔍 [かずくん] 「AI ONE」で検索中...
  [かずくん] 91件
  🔍 [プロパゲート] 「プロパゲート」で検索中...
  [プロパゲート] 99件
  🔍 [動画編集CAMP] 「動画編集CAMP」で検索中...
  🔍 [動画編集CAMP] 「アズール」で検索中...
  [動画編集CAMP] 19件
  🔍 [web集客まるなげ君] 「WeeAre」で検索中...
  🔍 [web集客まるなげ君] 「Degias」で検索中...
  🔍 [web集客まるなげ君] 「ワガママ採用」で検索中...
  [web集客まるなげ君] 279件
  🔍 [リソースクリエイション] 「リソースクリエイション」で検索中...
  [リソースクリエイション] 9件
  🔍 [トレプロ] 「TLPC」で検索中...
  🔍 [トレプロ] 「トレプロ」で検索中...
  [トレプロ] 100件
  🔍 [Talentia] 「Talentia」で検索中...
  [Talentia] 12件
  🔍 [Give] 「Give」で検索中...
  [Give] 0件
  🔍 [WSSクラス] 「WSS CLASS」で検索中...
  [WSSクラス] 0件
  🔍 [SNSマーケ研究室] 「SNSマーケ研究室」で検索中...
  🔍 [SNSマーケ研究室] 「SONOMAMA」で検索中...
  🔍 [SNSマーケ研究室] 「インフルエンサー発掘プロジェクト」で検索中...
  🔍 [SNSマーケ研究室] 「フリーランス育成」で検索中...
  [SNSマーケ研究室] 138件
  🔍 [Driven Properties] 「Driven Properties」で検索中...
  🔍 [Driven Properties] 「ドリブン・プロパティーズ」で検索中...
  [Driven Properties] 37件
  🔍 [Be Prime] 「Be Prime」で検索中...
  🔍 [Be Prime] 「BePrime」で検索中...
  🔍 [Be Prime] 「アウトロー求人」で検索中...
  [Be Prime] 32件
  🔍 [シックスレイズ] 「シックスレイズ」で検索中...
  🔍 [シックスレイズ] 「アドレイズプラス」で検索中...
  [シックスレイズ] 0件
  🔍 [freee] 「freee」で検索中...
  🔍 [freee] 「フリー」で検索中...
    ⏳ タイムアウト、リトライ中... (1/3)
  🔍 [freee] 「freee会計」で検索中...
  🔍 [freee] 「freee人事労務」で検索中...
  [freee] 121件
  🔍 [楽待] 「楽待」で検索中...
    ⏳ タイムアウト、リトライ中... (1/3)
    ⏳ タイムアウト、リトライ中... (1/3)
    ⏳ タイムアウト、リトライ中... (2/3)
  🔍 [楽待] 「RAKUMACHI」で検索中...
  [楽待] 15件
  🔍 [おさる] 「おさる」で検索中...
  🔍 [おさる] 「おさるマーケ大学」で検索中...
  🔍 [おさる] 「マーケターおさる」で検索中...
  [おさる] 57件
  🔍 [LEC] 「LEC」で検索中...
  🔍 [LEC] 「LECマスターブートキャンプ」で検索中...
  [LEC] 4件
Traceback (most recent call last):
  File "/Users/yotayamaguchi/dpro_notify/dpro_monitor.py", line 304, in <module>
    main()
    ~~~~^^
  File "/Users/yotayamaguchi/dpro_notify/dpro_monitor.py", line 276, in main
    sheet_name = ensure_monthly_sheet()
  File "/Users/yotayamaguchi/dpro_notify/dpro_monitor.py", line 31, in ensure_monthly_sheet
    result = subprocess.run(
        ["gog", "sheets", "metadata", SHEETS_ID, "-a", GOG_ACCOUNT, "-j"],
        capture_output=True, text=True)
  File "/opt/homebrew/Cellar/python@3.14/3.14.3_1/Frameworks/Python.framework/Versions/3.14/lib/python3.14/subprocess.py", line 554, in run
    with Popen(*popenargs, **kwargs) as process:
         ~~~~~^^^^^^^^^^^^^^^^^^^^^^
  File "/opt/homebrew/Cellar/python@3.14/3.14.3_1/Frameworks/Python.framework/Versions/3.14/lib/python3.14/subprocess.py", line 1038, in __init__
    self._execute_child(args, executable, preexec_fn, close_fds,
    ~~~~~~~~~~~~~~~~~~~^^^^^^^^^^^^^^^^^^^^^^^^^^^^^^^^^^^^^^^^^
                        pass_fds, cwd, env,
                        ^^^^^^^^^^^^^^^^^^^
    ...<5 lines>...
                        gid, gids, uid, umask,
                        ^^^^^^^^^^^^^^^^^^^^^^
                        start_new_session, process_group)
                        ^^^^^^^^^^^^^^^^^^^^^^^^^^^^^^^^^
  File "/opt/homebrew/Cellar/python@3.14/3.14.3_1/Frameworks/Python.framework/Versions/3.14/lib/python3.14/subprocess.py", line 1989, in _execute_child
    raise child_exception_type(errno_num, err_msg, err_filename)
FileNotFoundError: [Errno 2] No such file or directory: 'gog'
🔑 ログイン中...
✅ ログイン成功！
  🔍 [みかみ] 「みかみ」で検索中...
  🔍 [みかみ] 「アドネス」で検索中...
  🔍 [みかみ] 「スキルプラス」で検索中...
  [みかみ] 222件
  🔍 [かずくん] 「AI ONE」で検索中...
  [かずくん] 99件
  🔍 [プロパゲート] 「プロパゲート」で検索中...
  [プロパゲート] 99件
  🔍 [動画編集CAMP] 「動画編集CAMP」で検索中...
  🔍 [動画編集CAMP] 「アズール」で検索中...
  [動画編集CAMP] 18件
  🔍 [web集客まるなげ君] 「WeeAre」で検索中...
  🔍 [web集客まるなげ君] 「Degias」で検索中...
  🔍 [web集客まるなげ君] 「ワガママ採用」で検索中...
  [web集客まるなげ君] 285件
  🔍 [リソースクリエイション] 「リソースクリエイション」で検索中...
  [リソースクリエイション] 96件
  🔍 [トレプロ] 「TLPC」で検索中...
  🔍 [トレプロ] 「トレプロ」で検索中...
  [トレプロ] 161件
  🔍 [Talentia] 「Talentia」で検索中...
  [Talentia] 12件
  🔍 [Give] 「Give」で検索中...
  [Give] 0件
  🔍 [WSSクラス] 「WSS CLASS」で検索中...
  [WSSクラス] 0件
  🔍 [SNSマーケ研究室] 「SNSマーケ研究室」で検索中...
  🔍 [SNSマーケ研究室] 「SONOMAMA」で検索中...
  🔍 [SNSマーケ研究室] 「インフルエンサー発掘プロジェクト」で検索中...
  🔍 [SNSマーケ研究室] 「フリーランス育成」で検索中...
  [SNSマーケ研究室] 134件
  🔍 [Driven Properties] 「Driven Properties」で検索中...
  🔍 [Driven Properties] 「ドリブン・プロパティーズ」で検索中...
  [Driven Properties] 35件
  🔍 [Be Prime] 「Be Prime」で検索中...
  🔍 [Be Prime] 「BePrime」で検索中...
  🔍 [Be Prime] 「アウトロー求人」で検索中...
  [Be Prime] 29件
  🔍 [シックスレイズ] 「シックスレイズ」で検索中...
  🔍 [シックスレイズ] 「アドレイズプラス」で検索中...
  [シックスレイズ] 0件
  🔍 [freee] 「freee」で検索中...
  🔍 [freee] 「フリー」で検索中...
  🔍 [freee] 「freee会計」で検索中...
  🔍 [freee] 「freee人事労務」で検索中...
  [freee] 160件
  🔍 [楽待] 「楽待」で検索中...
  🔍 [楽待] 「RAKUMACHI」で検索中...
  [楽待] 15件
  🔍 [おさる] 「おさる」で検索中...
  🔍 [おさる] 「おさるマーケ大学」で検索中...
  🔍 [おさる] 「マーケターおさる」で検索中...
  [おさる] 64件
  🔍 [LEC] 「LEC」で検索中...
    ⏳ タイムアウト、リトライ中... (1/3)
  🔍 [LEC] 「LECマスターブートキャンプ」で検索中...
  [LEC] 5件
Traceback (most recent call last):
  File "/Users/yotayamaguchi/dpro_notify/dpro_monitor.py", line 304, in <module>
    main()
    ~~~~^^
  File "/Users/yotayamaguchi/dpro_notify/dpro_monitor.py", line 276, in main
    sheet_name = ensure_monthly_sheet()
  File "/Users/yotayamaguchi/dpro_notify/dpro_monitor.py", line 31, in ensure_monthly_sheet
    result = subprocess.run(
        ["gog", "sheets", "metadata", SHEETS_ID, "-a", GOG_ACCOUNT, "-j"],
        capture_output=True, text=True)
  File "/opt/homebrew/Cellar/python@3.14/3.14.3_1/Frameworks/Python.framework/Versions/3.14/lib/python3.14/subprocess.py", line 554, in run
    with Popen(*popenargs, **kwargs) as process:
         ~~~~~^^^^^^^^^^^^^^^^^^^^^^
  File "/opt/homebrew/Cellar/python@3.14/3.14.3_1/Frameworks/Python.framework/Versions/3.14/lib/python3.14/subprocess.py", line 1038, in __init__
    self._execute_child(args, executable, preexec_fn, close_fds,
    ~~~~~~~~~~~~~~~~~~~^^^^^^^^^^^^^^^^^^^^^^^^^^^^^^^^^^^^^^^^^
                        pass_fds, cwd, env,
                        ^^^^^^^^^^^^^^^^^^^
    ...<5 lines>...
                        gid, gids, uid, umask,
                        ^^^^^^^^^^^^^^^^^^^^^^
                        start_new_session, process_group)
                        ^^^^^^^^^^^^^^^^^^^^^^^^^^^^^^^^^
  File "/opt/homebrew/Cellar/python@3.14/3.14.3_1/Frameworks/Python.framework/Versions/3.14/lib/python3.14/subprocess.py", line 1989, in _execute_child
    raise child_exception_type(errno_num, err_msg, err_filename)
FileNotFoundError: [Errno 2] No such file or directory: 'gog'
